[0.387s] Invoking command in '/home/sweetthyme/ros2_ws/src/build/topic_based_ros2_control': CMAKE_PREFIX_PATH=/opt/ros/humble /usr/bin/cmake /home/sweetthyme/ros2_ws/src/genesis_ros/topic_based_ros2_control -DCMAKE_INSTALL_PREFIX=/home/sweetthyme/ros2_ws/src/install/topic_based_ros2_control
[0.442s] -- The CXX compiler identification is GNU 11.4.0
[0.448s] -- Detecting CXX compiler ABI info
[0.522s] -- Detecting CXX compiler ABI info - done
[0.528s] -- Check for working CXX compiler: /usr/bin/c++ - skipped
[0.528s] -- Detecting CXX compile features
[0.528s] -- Detecting CXX compile features - done
[0.530s] -- Found ament_cmake: 1.3.14 (/opt/ros/humble/share/ament_cmake/cmake)
[0.883s] -- Found Python3: /usr/bin/python3 (found version "3.10.12") found components: Interpreter 
[0.961s] -- Found angles: 1.15.0 (/opt/ros/humble/share/angles/cmake)
[0.965s] -- Found rclcpp: 16.0.19 (/opt/ros/humble/share/rclcpp/cmake)
[1.003s] -- Found rosidl_generator_c: 3.1.8 (/opt/ros/humble/share/rosidl_generator_c/cmake)
[1.007s] -- Found rosidl_adapter: 3.1.8 (/opt/ros/humble/share/rosidl_adapter/cmake)
[1.014s] -- Found rosidl_generator_cpp: 3.1.8 (/opt/ros/humble/share/rosidl_generator_cpp/cmake)
[1.024s] -- Using all available rosidl_typesupport_c: rosidl_typesupport_fastrtps_c;rosidl_typesupport_introspection_c
[1.037s] -- Using all available rosidl_typesupport_cpp: rosidl_typesupport_fastrtps_cpp;rosidl_typesupport_introspection_cpp
[1.090s] -- Found rmw_implementation_cmake: 6.1.2 (/opt/ros/humble/share/rmw_implementation_cmake/cmake)
[1.093s] -- Found rmw_fastrtps_cpp: 6.2.10 (/opt/ros/humble/share/rmw_fastrtps_cpp/cmake)
[1.189s] -- Found OpenSSL: /usr/lib/x86_64-linux-gnu/libcrypto.so (found version "3.0.2")  
[1.222s] -- Found FastRTPS: /opt/ros/humble/include  
[1.268s] -- Using RMW implementation 'rmw_fastrtps_cpp' as default
[1.279s] -- Looking for C++ include pthread.h
[1.368s] -- Looking for C++ include pthread.h - found
[1.368s] -- Performing Test CMAKE_HAVE_LIBC_PTHREAD
[1.460s] -- Performing Test CMAKE_HAVE_LIBC_PTHREAD - Success
[1.461s] -- Found Threads: TRUE  
[1.512s] -- Found hardware_interface: 2.54.0 (/opt/ros/humble/share/hardware_interface/cmake)
[1.645s] -- Found ament_cmake_gtest: 1.3.14 (/opt/ros/humble/share/ament_cmake_gtest/cmake)
[1.647s] -- Found ament_lint_auto: 0.12.15 (/opt/ros/humble/share/ament_lint_auto/cmake)
[1.649s] -- Found ament_cmake_pytest: 1.3.14 (/opt/ros/humble/share/ament_cmake_pytest/cmake)
[1.651s] -- Found ros2_control_test_assets: 2.54.0 (/opt/ros/humble/share/ros2_control_test_assets/cmake)
[1.652s] -- Found ros_testing: 0.4.0 (/opt/ros/humble/share/ros_testing/cmake)
[1.654s] -- Found launch_testing_ament_cmake: 1.0.14 (/opt/ros/humble/share/launch_testing_ament_cmake/cmake)
[1.656s] -- Found python_cmake_module: 0.10.0 (/opt/ros/humble/share/python_cmake_module/cmake)
[1.675s] -- Found PythonInterp: /usr/bin/python3 (found suitable version "3.10.12", minimum required is "3.6") 
[1.681s] -- Found PythonLibs: /usr/lib/x86_64-linux-gnu/libpython3.10.so (found suitable version "3.10.12", minimum required is "3.5") 
[1.681s] -- Using PYTHON_EXECUTABLE: /usr/bin/python3
[1.681s] -- Using PYTHON_INCLUDE_DIRS: /usr/include/python3.10
[1.681s] -- Using PYTHON_LIBRARIES: /usr/lib/x86_64-linux-gnu/libpython3.10.so
[1.699s] -- Found PythonExtra: .so  
[1.919s] -- Found eigen3_cmake_module: 0.1.1 (/opt/ros/humble/share/eigen3_cmake_module/cmake)
[1.920s] -- Found Eigen3: TRUE (found version "3.4.0") 
[1.920s] -- Ensuring Eigen3 include directory is part of orocos-kdl CMake target
[1.996s] -- Found gtest sources under '/opt/ros/humble/src/gtest_vendor': C++ tests using 'Google Test' will be built
[2.032s] -- The C compiler identification is GNU 11.4.0
[2.039s] -- Detecting C compiler ABI info
[2.101s] -- Detecting C compiler ABI info - done
[2.106s] -- Check for working C compiler: /usr/bin/cc - skipped
[2.106s] -- Detecting C compile features
[2.107s] -- Detecting C compile features - done
[2.114s] -- Added test 'copyright' to check source files copyright and LICENSE
[2.117s] -- Added test 'cppcheck' to perform static code analysis on C / C++ code
[2.117s] -- Configured cppcheck include dirs: $<BUILD_INTERFACE:/home/sweetthyme/ros2_ws/src/genesis_ros/topic_based_ros2_control/include>
[2.117s] -- Configured cppcheck exclude dirs and/or files: 
[2.118s] -- Added test 'lint_cmake' to check CMake code style
[2.118s] -- Added test 'xmllint' to check XML markup files
[2.121s] -- Configuring done
[2.142s] -- Generating done
[2.148s] -- Build files have been written to: /home/sweetthyme/ros2_ws/src/build/topic_based_ros2_control
