[1.136s] Invoking command in '/home/sweetthyme/ros2_ws/src/coordinate_follower': PYTHONPATH=/home/sweetthyme/ros2_ws/src/build/coordinate_follower/prefix_override:/usr/lib/python3/dist-packages/colcon_core/task/python/colcon_distutils_commands:/home/sweetthyme/ros2_ws/src/install/coordinate_follower/lib/python3.10/site-packages:${PYTHONPATH} /usr/bin/python3 -W ignore:setup.py install is deprecated -W ignore:easy_install command is deprecated setup.py egg_info --egg-base ../build/coordinate_follower build --build-base /home/sweetthyme/ros2_ws/src/build/coordinate_follower/build install --record /home/sweetthyme/ros2_ws/src/build/coordinate_follower/install.log --single-version-externally-managed install_data
[1.384s] running egg_info
[1.401s] creating ../build/coordinate_follower/coordinate_follower.egg-info
[1.401s] writing ../build/coordinate_follower/coordinate_follower.egg-info/PKG-INFO
[1.402s] writing dependency_links to ../build/coordinate_follower/coordinate_follower.egg-info/dependency_links.txt
[1.402s] writing requirements to ../build/coordinate_follower/coordinate_follower.egg-info/requires.txt
[1.402s] writing top-level names to ../build/coordinate_follower/coordinate_follower.egg-info/top_level.txt
[1.403s] writing manifest file '../build/coordinate_follower/coordinate_follower.egg-info/SOURCES.txt'
[1.439s] reading manifest file '../build/coordinate_follower/coordinate_follower.egg-info/SOURCES.txt'
[1.440s] Traceback (most recent call last):
[1.440s]   File "/home/sweetthyme/ros2_ws/src/coordinate_follower/setup.py", line 5, in <module>
[1.440s]     setup(
[1.440s]   File "/home/sweetthyme/.local/lib/python3.10/site-packages/setuptools/__init__.py", line 117, in setup
[1.440s]     return distutils.core.setup(**attrs)  # type: ignore[return-value]
[1.440s]   File "/home/sweetthyme/.local/lib/python3.10/site-packages/setuptools/_distutils/core.py", line 186, in setup
[1.440s]     return run_commands(dist)
[1.440s]   File "/home/sweetthyme/.local/lib/python3.10/site-packages/setuptools/_distutils/core.py", line 202, in run_commands
[1.440s]     dist.run_commands()
[1.440s]   File "/home/sweetthyme/.local/lib/python3.10/site-packages/setuptools/_distutils/dist.py", line 1000, in run_commands
[1.440s]     self.run_command(cmd)
[1.440s]   File "/home/sweetthyme/.local/lib/python3.10/site-packages/setuptools/dist.py", line 1107, in run_command
[1.441s]     super().run_command(command)
[1.441s]   File "/home/sweetthyme/.local/lib/python3.10/site-packages/setuptools/_distutils/dist.py", line 1019, in run_command
[1.441s]     cmd_obj.run()
[1.441s]   File "/home/sweetthyme/.local/lib/python3.10/site-packages/setuptools/command/egg_info.py", line 312, in run
[1.441s]     self.find_sources()
[1.441s]   File "/home/sweetthyme/.local/lib/python3.10/site-packages/setuptools/command/egg_info.py", line 320, in find_sources
[1.441s]     mm.run()
[1.441s]   File "/home/sweetthyme/.local/lib/python3.10/site-packages/setuptools/command/egg_info.py", line 547, in run
[1.441s]     self.prune_file_list()
[1.441s]   File "/home/sweetthyme/.local/lib/python3.10/site-packages/setuptools/command/sdist.py", line 163, in prune_file_list
[1.441s]     super().prune_file_list()
[1.441s]   File "/home/sweetthyme/.local/lib/python3.10/site-packages/setuptools/_distutils/command/sdist.py", line 386, in prune_file_list
[1.441s]     base_dir = self.distribution.get_fullname()
[1.442s]   File "/home/sweetthyme/.local/lib/python3.10/site-packages/setuptools/_core_metadata.py", line 275, in get_fullname
[1.442s]     return _distribution_fullname(self.get_name(), self.get_version())
[1.442s]   File "/home/sweetthyme/.local/lib/python3.10/site-packages/setuptools/_core_metadata.py", line 293, in _distribution_fullname
[1.442s]     canonicalize_version(version, strip_trailing_zero=False),
[1.442s] TypeError: canonicalize_version() got an unexpected keyword argument 'strip_trailing_zero'
