[0.662s] Invoking command in '/home/sweetthyme/ros2_ws/src/coordinate_follower': PYTHONPATH=/home/sweetthyme/ros2_ws/src/build/coordinate_follower/prefix_override:/usr/lib/python3/dist-packages/colcon_core/task/python/colcon_distutils_commands:/home/sweetthyme/ros2_ws/src/install/coordinate_follower/lib/python3.10/site-packages:${PYTHONPATH} /usr/bin/python3 -W ignore:setup.py install is deprecated -W ignore:easy_install command is deprecated setup.py egg_info --egg-base ../build/coordinate_follower build --build-base /home/sweetthyme/ros2_ws/src/build/coordinate_follower/build install --record /home/sweetthyme/ros2_ws/src/build/coordinate_follower/install.log --single-version-externally-managed install_data
[0.868s] running egg_info
[0.883s] writing ../build/coordinate_follower/coordinate_follower.egg-info/PKG-INFO
[0.883s] writing dependency_links to ../build/coordinate_follower/coordinate_follower.egg-info/dependency_links.txt
[0.884s] writing requirements to ../build/coordinate_follower/coordinate_follower.egg-info/requires.txt
[0.884s] writing top-level names to ../build/coordinate_follower/coordinate_follower.egg-info/top_level.txt
[0.914s] reading manifest file '../build/coordinate_follower/coordinate_follower.egg-info/SOURCES.txt'
[0.915s] writing manifest file '../build/coordinate_follower/coordinate_follower.egg-info/SOURCES.txt'
[0.915s] running build
[0.915s] running build_py
[0.915s] creating /home/sweetthyme/ros2_ws/src/build/coordinate_follower/build
[0.915s] creating /home/sweetthyme/ros2_ws/src/build/coordinate_follower/build/lib
[0.915s] creating /home/sweetthyme/ros2_ws/src/build/coordinate_follower/build/lib/coordinate_follower
[0.916s] copying coordinate_follower/__init__.py -> /home/sweetthyme/ros2_ws/src/build/coordinate_follower/build/lib/coordinate_follower
[0.916s] running install
[0.920s] running install_lib
[0.937s] creating /home/sweetthyme/ros2_ws/src/install/coordinate_follower/lib/python3.10/site-packages/coordinate_follower
[0.937s] copying /home/sweetthyme/ros2_ws/src/build/coordinate_follower/build/lib/coordinate_follower/__init__.py -> /home/sweetthyme/ros2_ws/src/install/coordinate_follower/lib/python3.10/site-packages/coordinate_follower
[0.938s] byte-compiling /home/sweetthyme/ros2_ws/src/install/coordinate_follower/lib/python3.10/site-packages/coordinate_follower/__init__.py to __init__.cpython-310.pyc
[0.938s] running install_data
[0.938s] creating /home/sweetthyme/ros2_ws/src/install/coordinate_follower/share/ament_index
[0.938s] creating /home/sweetthyme/ros2_ws/src/install/coordinate_follower/share/ament_index/resource_index
[0.938s] creating /home/sweetthyme/ros2_ws/src/install/coordinate_follower/share/ament_index/resource_index/packages
[0.939s] copying resource/coordinate_follower -> /home/sweetthyme/ros2_ws/src/install/coordinate_follower/share/ament_index/resource_index/packages
[0.939s] copying package.xml -> /home/sweetthyme/ros2_ws/src/install/coordinate_follower/share/coordinate_follower
[0.939s] running install_egg_info
[0.956s] Copying ../build/coordinate_follower/coordinate_follower.egg-info to /home/sweetthyme/ros2_ws/src/install/coordinate_follower/lib/python3.10/site-packages/coordinate_follower-0.0.0-py3.10.egg-info
[0.957s] running install_scripts
[1.107s] writing list of installed files to '/home/sweetthyme/ros2_ws/src/build/coordinate_follower/install.log'
[1.131s] Invoked command in '/home/sweetthyme/ros2_ws/src/coordinate_follower' returned '0': PYTHONPATH=/home/sweetthyme/ros2_ws/src/build/coordinate_follower/prefix_override:/usr/lib/python3/dist-packages/colcon_core/task/python/colcon_distutils_commands:/home/sweetthyme/ros2_ws/src/install/coordinate_follower/lib/python3.10/site-packages:${PYTHONPATH} /usr/bin/python3 -W ignore:setup.py install is deprecated -W ignore:easy_install command is deprecated setup.py egg_info --egg-base ../build/coordinate_follower build --build-base /home/sweetthyme/ros2_ws/src/build/coordinate_follower/build install --record /home/sweetthyme/ros2_ws/src/build/coordinate_follower/install.log --single-version-externally-managed install_data
