[1.126s] Invoking command in '/home/sweetthyme/ros2_ws/src/turtle_controller': PYTHONPATH=/home/sweetthyme/ros2_ws/src/build/turtle_controller/prefix_override:/usr/lib/python3/dist-packages/colcon_core/task/python/colcon_distutils_commands:/home/sweetthyme/ros2_ws/src/install/turtle_controller/lib/python3.10/site-packages:${PYTHONPATH} /usr/bin/python3 -W ignore:setup.py install is deprecated -W ignore:easy_install command is deprecated setup.py egg_info --egg-base ../build/turtle_controller build --build-base /home/sweetthyme/ros2_ws/src/build/turtle_controller/build install --record /home/sweetthyme/ros2_ws/src/build/turtle_controller/install.log --single-version-externally-managed install_data
[1.391s] running egg_info
[1.408s] creating ../build/turtle_controller/turtle_controller.egg-info
[1.408s] writing ../build/turtle_controller/turtle_controller.egg-info/PKG-INFO
[1.409s] writing dependency_links to ../build/turtle_controller/turtle_controller.egg-info/dependency_links.txt
[1.409s] writing entry points to ../build/turtle_controller/turtle_controller.egg-info/entry_points.txt
[1.409s] writing requirements to ../build/turtle_controller/turtle_controller.egg-info/requires.txt
[1.410s] writing top-level names to ../build/turtle_controller/turtle_controller.egg-info/top_level.txt
[1.410s] writing manifest file '../build/turtle_controller/turtle_controller.egg-info/SOURCES.txt'
[1.446s] reading manifest file '../build/turtle_controller/turtle_controller.egg-info/SOURCES.txt'
[1.446s] Traceback (most recent call last):
[1.446s]   File "/home/sweetthyme/ros2_ws/src/turtle_controller/setup.py", line 5, in <module>
[1.446s]     setup(
[1.446s]   File "/home/sweetthyme/.local/lib/python3.10/site-packages/setuptools/__init__.py", line 117, in setup
[1.446s]     return distutils.core.setup(**attrs)  # type: ignore[return-value]
[1.446s]   File "/home/sweetthyme/.local/lib/python3.10/site-packages/setuptools/_distutils/core.py", line 186, in setup
[1.446s]     return run_commands(dist)
[1.446s]   File "/home/sweetthyme/.local/lib/python3.10/site-packages/setuptools/_distutils/core.py", line 202, in run_commands
[1.447s]     dist.run_commands()
[1.447s]   File "/home/sweetthyme/.local/lib/python3.10/site-packages/setuptools/_distutils/dist.py", line 1000, in run_commands
[1.447s]     self.run_command(cmd)
[1.447s]   File "/home/sweetthyme/.local/lib/python3.10/site-packages/setuptools/dist.py", line 1107, in run_command
[1.447s]     super().run_command(command)
[1.447s]   File "/home/sweetthyme/.local/lib/python3.10/site-packages/setuptools/_distutils/dist.py", line 1019, in run_command
[1.447s]     cmd_obj.run()
[1.447s]   File "/home/sweetthyme/.local/lib/python3.10/site-packages/setuptools/command/egg_info.py", line 312, in run
[1.447s]     self.find_sources()
[1.447s]   File "/home/sweetthyme/.local/lib/python3.10/site-packages/setuptools/command/egg_info.py", line 320, in find_sources
[1.447s]     mm.run()
[1.447s]   File "/home/sweetthyme/.local/lib/python3.10/site-packages/setuptools/command/egg_info.py", line 547, in run
[1.447s]     self.prune_file_list()
[1.447s]   File "/home/sweetthyme/.local/lib/python3.10/site-packages/setuptools/command/sdist.py", line 163, in prune_file_list
[1.448s]     super().prune_file_list()
[1.448s]   File "/home/sweetthyme/.local/lib/python3.10/site-packages/setuptools/_distutils/command/sdist.py", line 386, in prune_file_list
[1.448s]     base_dir = self.distribution.get_fullname()
[1.448s]   File "/home/sweetthyme/.local/lib/python3.10/site-packages/setuptools/_core_metadata.py", line 275, in get_fullname
[1.448s]     return _distribution_fullname(self.get_name(), self.get_version())
[1.448s]   File "/home/sweetthyme/.local/lib/python3.10/site-packages/setuptools/_core_metadata.py", line 293, in _distribution_fullname
[1.448s]     canonicalize_version(version, strip_trailing_zero=False),
[1.448s] TypeError: canonicalize_version() got an unexpected keyword argument 'strip_trailing_zero'
