[0.082s] DEBUG:colcon:Command line arguments: ['/usr/bin/colcon', 'build', '--packages-select', 'coordinate_follower']
[0.082s] DEBUG:colcon:Parsed command line arguments: Namespace(log_base=None, log_level=None, verb_name='build', build_base='build', install_base='install', merge_install=False, symlink_install=False, test_result_base=None, continue_on_error=False, executor='parallel', parallel_workers=12, event_handlers=None, ignore_user_meta=False, metas=['./colcon.meta'], base_paths=['.'], packages_ignore=None, packages_ignore_regex=None, paths=None, packages_up_to=None, packages_up_to_regex=None, packages_above=None, packages_above_and_dependencies=None, packages_above_depth=None, packages_select_by_dep=None, packages_skip_by_dep=None, packages_skip_up_to=None, packages_select_build_failed=False, packages_skip_build_finished=False, packages_select_test_failures=False, packages_skip_test_passed=False, packages_select=['coordinate_follower'], packages_skip=None, packages_select_regex=None, packages_skip_regex=None, packages_start=None, packages_end=None, allow_overriding=[], cmake_args=None, cmake_target=None, cmake_target_skip_unavailable=False, cmake_clean_cache=False, cmake_clean_first=False, cmake_force_configure=False, ament_cmake_args=None, catkin_cmake_args=None, catkin_skip_building_tests=False, verb_parser=<colcon_defaults.argument_parser.defaults.DefaultArgumentsDecorator object at 0x7d299a729fc0>, verb_extension=<colcon_core.verb.build.BuildVerb object at 0x7d299a728f10>, main=<bound method BuildVerb.main of <colcon_core.verb.build.BuildVerb object at 0x7d299a728f10>>)
[0.123s] Level 1:colcon.colcon_core.package_discovery:discover_packages(colcon_meta) check parameters
[0.123s] Level 1:colcon.colcon_core.package_discovery:discover_packages(recursive) check parameters
[0.124s] Level 1:colcon.colcon_core.package_discovery:discover_packages(ignore) check parameters
[0.124s] Level 1:colcon.colcon_core.package_discovery:discover_packages(path) check parameters
[0.124s] Level 1:colcon.colcon_core.package_discovery:discover_packages(colcon_meta) discover
[0.124s] Level 1:colcon.colcon_core.package_discovery:discover_packages(recursive) discover
[0.124s] INFO:colcon.colcon_core.package_discovery:Crawling recursively for packages in '/home/sweetthyme/ros2_ws/src'
[0.124s] Level 1:colcon.colcon_core.package_identification:_identify(.) by extensions ['ignore', 'ignore_ament_install']
[0.124s] Level 1:colcon.colcon_core.package_identification:_identify(.) by extension 'ignore'
[0.124s] Level 1:colcon.colcon_core.package_identification:_identify(.) by extension 'ignore_ament_install'
[0.124s] Level 1:colcon.colcon_core.package_identification:_identify(.) by extensions ['colcon_pkg']
[0.124s] Level 1:colcon.colcon_core.package_identification:_identify(.) by extension 'colcon_pkg'
[0.124s] Level 1:colcon.colcon_core.package_identification:_identify(.) by extensions ['colcon_meta']
[0.124s] Level 1:colcon.colcon_core.package_identification:_identify(.) by extension 'colcon_meta'
[0.124s] Level 1:colcon.colcon_core.package_identification:_identify(.) by extensions ['ros']
[0.124s] Level 1:colcon.colcon_core.package_identification:_identify(.) by extension 'ros'
[0.127s] Level 1:colcon.colcon_core.package_identification:_identify(.) by extensions ['cmake', 'python']
[0.127s] Level 1:colcon.colcon_core.package_identification:_identify(.) by extension 'cmake'
[0.127s] Level 1:colcon.colcon_core.package_identification:_identify(.) by extension 'python'
[0.127s] Level 1:colcon.colcon_core.package_identification:_identify(.) by extensions ['python_setup_py']
[0.127s] Level 1:colcon.colcon_core.package_identification:_identify(.) by extension 'python_setup_py'
[0.127s] Level 1:colcon.colcon_core.package_identification:_identify(build) by extensions ['ignore', 'ignore_ament_install']
[0.127s] Level 1:colcon.colcon_core.package_identification:_identify(build) by extension 'ignore'
[0.127s] Level 1:colcon.colcon_core.package_identification:_identify(build) ignored
[0.127s] Level 1:colcon.colcon_core.package_identification:_identify(coordinate_follower) by extensions ['ignore', 'ignore_ament_install']
[0.127s] Level 1:colcon.colcon_core.package_identification:_identify(coordinate_follower) by extension 'ignore'
[0.127s] Level 1:colcon.colcon_core.package_identification:_identify(coordinate_follower) by extension 'ignore_ament_install'
[0.127s] Level 1:colcon.colcon_core.package_identification:_identify(coordinate_follower) by extensions ['colcon_pkg']
[0.127s] Level 1:colcon.colcon_core.package_identification:_identify(coordinate_follower) by extension 'colcon_pkg'
[0.127s] Level 1:colcon.colcon_core.package_identification:_identify(coordinate_follower) by extensions ['colcon_meta']
[0.127s] Level 1:colcon.colcon_core.package_identification:_identify(coordinate_follower) by extension 'colcon_meta'
[0.127s] Level 1:colcon.colcon_core.package_identification:_identify(coordinate_follower) by extensions ['ros']
[0.127s] Level 1:colcon.colcon_core.package_identification:_identify(coordinate_follower) by extension 'ros'
[0.129s] DEBUG:colcon.colcon_core.package_identification:Package 'coordinate_follower' with type 'ros.ament_python' and name 'coordinate_follower'
[0.129s] Level 1:colcon.colcon_core.package_identification:_identify(genesis_ros) by extensions ['ignore', 'ignore_ament_install']
[0.129s] Level 1:colcon.colcon_core.package_identification:_identify(genesis_ros) by extension 'ignore'
[0.129s] Level 1:colcon.colcon_core.package_identification:_identify(genesis_ros) by extension 'ignore_ament_install'
[0.129s] Level 1:colcon.colcon_core.package_identification:_identify(genesis_ros) by extensions ['colcon_pkg']
[0.129s] Level 1:colcon.colcon_core.package_identification:_identify(genesis_ros) by extension 'colcon_pkg'
[0.130s] Level 1:colcon.colcon_core.package_identification:_identify(genesis_ros) by extensions ['colcon_meta']
[0.130s] Level 1:colcon.colcon_core.package_identification:_identify(genesis_ros) by extension 'colcon_meta'
[0.130s] Level 1:colcon.colcon_core.package_identification:_identify(genesis_ros) by extensions ['ros']
[0.130s] Level 1:colcon.colcon_core.package_identification:_identify(genesis_ros) by extension 'ros'
[0.130s] Level 1:colcon.colcon_core.package_identification:_identify(genesis_ros) by extensions ['cmake', 'python']
[0.130s] Level 1:colcon.colcon_core.package_identification:_identify(genesis_ros) by extension 'cmake'
[0.130s] Level 1:colcon.colcon_core.package_identification:_identify(genesis_ros) by extension 'python'
[0.130s] Level 1:colcon.colcon_core.package_identification:_identify(genesis_ros) by extensions ['python_setup_py']
[0.130s] Level 1:colcon.colcon_core.package_identification:_identify(genesis_ros) by extension 'python_setup_py'
[0.130s] Level 1:colcon.colcon_core.package_identification:_identify(genesis_ros/configs) by extensions ['ignore', 'ignore_ament_install']
[0.130s] Level 1:colcon.colcon_core.package_identification:_identify(genesis_ros/configs) by extension 'ignore'
[0.130s] Level 1:colcon.colcon_core.package_identification:_identify(genesis_ros/configs) by extension 'ignore_ament_install'
[0.130s] Level 1:colcon.colcon_core.package_identification:_identify(genesis_ros/configs) by extensions ['colcon_pkg']
[0.130s] Level 1:colcon.colcon_core.package_identification:_identify(genesis_ros/configs) by extension 'colcon_pkg'
[0.130s] Level 1:colcon.colcon_core.package_identification:_identify(genesis_ros/configs) by extensions ['colcon_meta']
[0.130s] Level 1:colcon.colcon_core.package_identification:_identify(genesis_ros/configs) by extension 'colcon_meta'
[0.130s] Level 1:colcon.colcon_core.package_identification:_identify(genesis_ros/configs) by extensions ['ros']
[0.130s] Level 1:colcon.colcon_core.package_identification:_identify(genesis_ros/configs) by extension 'ros'
[0.130s] Level 1:colcon.colcon_core.package_identification:_identify(genesis_ros/configs) by extensions ['cmake', 'python']
[0.130s] Level 1:colcon.colcon_core.package_identification:_identify(genesis_ros/configs) by extension 'cmake'
[0.130s] Level 1:colcon.colcon_core.package_identification:_identify(genesis_ros/configs) by extension 'python'
[0.130s] Level 1:colcon.colcon_core.package_identification:_identify(genesis_ros/configs) by extensions ['python_setup_py']
[0.130s] Level 1:colcon.colcon_core.package_identification:_identify(genesis_ros/configs) by extension 'python_setup_py'
[0.130s] Level 1:colcon.colcon_core.package_identification:_identify(genesis_ros/gs_ros) by extensions ['ignore', 'ignore_ament_install']
[0.130s] Level 1:colcon.colcon_core.package_identification:_identify(genesis_ros/gs_ros) by extension 'ignore'
[0.130s] Level 1:colcon.colcon_core.package_identification:_identify(genesis_ros/gs_ros) by extension 'ignore_ament_install'
[0.131s] Level 1:colcon.colcon_core.package_identification:_identify(genesis_ros/gs_ros) by extensions ['colcon_pkg']
[0.131s] Level 1:colcon.colcon_core.package_identification:_identify(genesis_ros/gs_ros) by extension 'colcon_pkg'
[0.131s] Level 1:colcon.colcon_core.package_identification:_identify(genesis_ros/gs_ros) by extensions ['colcon_meta']
[0.131s] Level 1:colcon.colcon_core.package_identification:_identify(genesis_ros/gs_ros) by extension 'colcon_meta'
[0.131s] Level 1:colcon.colcon_core.package_identification:_identify(genesis_ros/gs_ros) by extensions ['ros']
[0.131s] Level 1:colcon.colcon_core.package_identification:_identify(genesis_ros/gs_ros) by extension 'ros'
[0.131s] DEBUG:colcon.colcon_core.package_identification:Package 'genesis_ros/gs_ros' with type 'ros.ament_python' and name 'gs_ros'
[0.131s] Level 1:colcon.colcon_core.package_identification:_identify(genesis_ros/gs_ros2_control_demos) by extensions ['ignore', 'ignore_ament_install']
[0.131s] Level 1:colcon.colcon_core.package_identification:_identify(genesis_ros/gs_ros2_control_demos) by extension 'ignore'
[0.131s] Level 1:colcon.colcon_core.package_identification:_identify(genesis_ros/gs_ros2_control_demos) by extension 'ignore_ament_install'
[0.131s] Level 1:colcon.colcon_core.package_identification:_identify(genesis_ros/gs_ros2_control_demos) by extensions ['colcon_pkg']
[0.131s] Level 1:colcon.colcon_core.package_identification:_identify(genesis_ros/gs_ros2_control_demos) by extension 'colcon_pkg'
[0.131s] Level 1:colcon.colcon_core.package_identification:_identify(genesis_ros/gs_ros2_control_demos) by extensions ['colcon_meta']
[0.131s] Level 1:colcon.colcon_core.package_identification:_identify(genesis_ros/gs_ros2_control_demos) by extension 'colcon_meta'
[0.132s] Level 1:colcon.colcon_core.package_identification:_identify(genesis_ros/gs_ros2_control_demos) by extensions ['ros']
[0.132s] Level 1:colcon.colcon_core.package_identification:_identify(genesis_ros/gs_ros2_control_demos) by extension 'ros'
[0.132s] DEBUG:colcon.colcon_core.package_identification:Package 'genesis_ros/gs_ros2_control_demos' with type 'ros.ament_cmake' and name 'gs_ros2_control_demos'
[0.132s] Level 1:colcon.colcon_core.package_identification:_identify(genesis_ros/gs_ros_interfaces) by extensions ['ignore', 'ignore_ament_install']
[0.132s] Level 1:colcon.colcon_core.package_identification:_identify(genesis_ros/gs_ros_interfaces) by extension 'ignore'
[0.132s] Level 1:colcon.colcon_core.package_identification:_identify(genesis_ros/gs_ros_interfaces) by extension 'ignore_ament_install'
[0.132s] Level 1:colcon.colcon_core.package_identification:_identify(genesis_ros/gs_ros_interfaces) by extensions ['colcon_pkg']
[0.133s] Level 1:colcon.colcon_core.package_identification:_identify(genesis_ros/gs_ros_interfaces) by extension 'colcon_pkg'
[0.133s] Level 1:colcon.colcon_core.package_identification:_identify(genesis_ros/gs_ros_interfaces) by extensions ['colcon_meta']
[0.133s] Level 1:colcon.colcon_core.package_identification:_identify(genesis_ros/gs_ros_interfaces) by extension 'colcon_meta'
[0.133s] Level 1:colcon.colcon_core.package_identification:_identify(genesis_ros/gs_ros_interfaces) by extensions ['ros']
[0.133s] Level 1:colcon.colcon_core.package_identification:_identify(genesis_ros/gs_ros_interfaces) by extension 'ros'
[0.133s] DEBUG:colcon.colcon_core.package_identification:Package 'genesis_ros/gs_ros_interfaces' with type 'ros.ament_cmake' and name 'gs_ros_interfaces'
[0.133s] Level 1:colcon.colcon_core.package_identification:_identify(genesis_ros/gs_simulation_interfaces) by extensions ['ignore', 'ignore_ament_install']
[0.133s] Level 1:colcon.colcon_core.package_identification:_identify(genesis_ros/gs_simulation_interfaces) by extension 'ignore'
[0.133s] Level 1:colcon.colcon_core.package_identification:_identify(genesis_ros/gs_simulation_interfaces) by extension 'ignore_ament_install'
[0.133s] Level 1:colcon.colcon_core.package_identification:_identify(genesis_ros/gs_simulation_interfaces) by extensions ['colcon_pkg']
[0.133s] Level 1:colcon.colcon_core.package_identification:_identify(genesis_ros/gs_simulation_interfaces) by extension 'colcon_pkg'
[0.133s] Level 1:colcon.colcon_core.package_identification:_identify(genesis_ros/gs_simulation_interfaces) by extensions ['colcon_meta']
[0.134s] Level 1:colcon.colcon_core.package_identification:_identify(genesis_ros/gs_simulation_interfaces) by extension 'colcon_meta'
[0.134s] Level 1:colcon.colcon_core.package_identification:_identify(genesis_ros/gs_simulation_interfaces) by extensions ['ros']
[0.134s] Level 1:colcon.colcon_core.package_identification:_identify(genesis_ros/gs_simulation_interfaces) by extension 'ros'
[0.134s] DEBUG:colcon.colcon_core.package_identification:Package 'genesis_ros/gs_simulation_interfaces' with type 'ros.ament_python' and name 'gs_simulation_interfaces'
[0.134s] Level 1:colcon.colcon_core.package_identification:_identify(genesis_ros/simulation_interfaces) by extensions ['ignore', 'ignore_ament_install']
[0.134s] Level 1:colcon.colcon_core.package_identification:_identify(genesis_ros/simulation_interfaces) by extension 'ignore'
[0.134s] Level 1:colcon.colcon_core.package_identification:_identify(genesis_ros/simulation_interfaces) by extension 'ignore_ament_install'
[0.134s] Level 1:colcon.colcon_core.package_identification:_identify(genesis_ros/simulation_interfaces) by extensions ['colcon_pkg']
[0.134s] Level 1:colcon.colcon_core.package_identification:_identify(genesis_ros/simulation_interfaces) by extension 'colcon_pkg'
[0.134s] Level 1:colcon.colcon_core.package_identification:_identify(genesis_ros/simulation_interfaces) by extensions ['colcon_meta']
[0.134s] Level 1:colcon.colcon_core.package_identification:_identify(genesis_ros/simulation_interfaces) by extension 'colcon_meta'
[0.134s] Level 1:colcon.colcon_core.package_identification:_identify(genesis_ros/simulation_interfaces) by extensions ['ros']
[0.134s] Level 1:colcon.colcon_core.package_identification:_identify(genesis_ros/simulation_interfaces) by extension 'ros'
[0.135s] DEBUG:colcon.colcon_core.package_identification:Package 'genesis_ros/simulation_interfaces' with type 'ros.ament_cmake' and name 'simulation_interfaces'
[0.135s] Level 1:colcon.colcon_core.package_identification:_identify(genesis_ros/topic_based_ros2_control) by extensions ['ignore', 'ignore_ament_install']
[0.135s] Level 1:colcon.colcon_core.package_identification:_identify(genesis_ros/topic_based_ros2_control) by extension 'ignore'
[0.135s] Level 1:colcon.colcon_core.package_identification:_identify(genesis_ros/topic_based_ros2_control) by extension 'ignore_ament_install'
[0.135s] Level 1:colcon.colcon_core.package_identification:_identify(genesis_ros/topic_based_ros2_control) by extensions ['colcon_pkg']
[0.135s] Level 1:colcon.colcon_core.package_identification:_identify(genesis_ros/topic_based_ros2_control) by extension 'colcon_pkg'
[0.135s] Level 1:colcon.colcon_core.package_identification:_identify(genesis_ros/topic_based_ros2_control) by extensions ['colcon_meta']
[0.135s] Level 1:colcon.colcon_core.package_identification:_identify(genesis_ros/topic_based_ros2_control) by extension 'colcon_meta'
[0.135s] Level 1:colcon.colcon_core.package_identification:_identify(genesis_ros/topic_based_ros2_control) by extensions ['ros']
[0.135s] Level 1:colcon.colcon_core.package_identification:_identify(genesis_ros/topic_based_ros2_control) by extension 'ros'
[0.136s] DEBUG:colcon.colcon_core.package_identification:Package 'genesis_ros/topic_based_ros2_control' with type 'ros.ament_cmake' and name 'topic_based_ros2_control'
[0.136s] Level 1:colcon.colcon_core.package_identification:_identify(install) by extensions ['ignore', 'ignore_ament_install']
[0.136s] Level 1:colcon.colcon_core.package_identification:_identify(install) by extension 'ignore'
[0.136s] Level 1:colcon.colcon_core.package_identification:_identify(install) ignored
[0.136s] Level 1:colcon.colcon_core.package_identification:_identify(log) by extensions ['ignore', 'ignore_ament_install']
[0.136s] Level 1:colcon.colcon_core.package_identification:_identify(log) by extension 'ignore'
[0.136s] Level 1:colcon.colcon_core.package_identification:_identify(log) ignored
[0.137s] Level 1:colcon.colcon_core.package_identification:_identify(turtle_controller) by extensions ['ignore', 'ignore_ament_install']
[0.137s] Level 1:colcon.colcon_core.package_identification:_identify(turtle_controller) by extension 'ignore'
[0.137s] Level 1:colcon.colcon_core.package_identification:_identify(turtle_controller) by extension 'ignore_ament_install'
[0.137s] Level 1:colcon.colcon_core.package_identification:_identify(turtle_controller) by extensions ['colcon_pkg']
[0.137s] Level 1:colcon.colcon_core.package_identification:_identify(turtle_controller) by extension 'colcon_pkg'
[0.137s] Level 1:colcon.colcon_core.package_identification:_identify(turtle_controller) by extensions ['colcon_meta']
[0.137s] Level 1:colcon.colcon_core.package_identification:_identify(turtle_controller) by extension 'colcon_meta'
[0.137s] Level 1:colcon.colcon_core.package_identification:_identify(turtle_controller) by extensions ['ros']
[0.137s] Level 1:colcon.colcon_core.package_identification:_identify(turtle_controller) by extension 'ros'
[0.137s] DEBUG:colcon.colcon_core.package_identification:Package 'turtle_controller' with type 'ros.ament_python' and name 'turtle_controller'
[0.137s] Level 1:colcon.colcon_core.package_discovery:discover_packages(recursive) using defaults
[0.137s] Level 1:colcon.colcon_core.package_discovery:discover_packages(ignore) discover
[0.137s] Level 1:colcon.colcon_core.package_discovery:discover_packages(ignore) using defaults
[0.137s] Level 1:colcon.colcon_core.package_discovery:discover_packages(path) discover
[0.137s] Level 1:colcon.colcon_core.package_discovery:discover_packages(path) using defaults
[0.153s] INFO:colcon.colcon_core.package_selection:Skipping not selected package 'gs_ros' in 'genesis_ros/gs_ros'
[0.153s] INFO:colcon.colcon_core.package_selection:Skipping not selected package 'gs_ros2_control_demos' in 'genesis_ros/gs_ros2_control_demos'
[0.153s] INFO:colcon.colcon_core.package_selection:Skipping not selected package 'simulation_interfaces' in 'genesis_ros/simulation_interfaces'
[0.153s] INFO:colcon.colcon_core.package_selection:Skipping not selected package 'topic_based_ros2_control' in 'genesis_ros/topic_based_ros2_control'
[0.153s] INFO:colcon.colcon_core.package_selection:Skipping not selected package 'turtle_controller' in 'turtle_controller'
[0.153s] INFO:colcon.colcon_core.package_selection:Skipping not selected package 'gs_ros_interfaces' in 'genesis_ros/gs_ros_interfaces'
[0.153s] INFO:colcon.colcon_core.package_selection:Skipping not selected package 'gs_simulation_interfaces' in 'genesis_ros/gs_simulation_interfaces'
[0.153s] Level 1:colcon.colcon_core.package_discovery:discover_packages(prefix_path) check parameters
[0.153s] Level 1:colcon.colcon_core.package_discovery:discover_packages(prefix_path) discover
[0.155s] DEBUG:colcon.colcon_installed_package_information.package_discovery:Found 304 installed packages in /opt/ros/humble
[0.156s] Level 1:colcon.colcon_core.package_discovery:discover_packages(prefix_path) using defaults
[0.187s] Level 5:colcon.colcon_core.verb:set package 'coordinate_follower' build argument 'cmake_args' from command line to 'None'
[0.187s] Level 5:colcon.colcon_core.verb:set package 'coordinate_follower' build argument 'cmake_target' from command line to 'None'
[0.187s] Level 5:colcon.colcon_core.verb:set package 'coordinate_follower' build argument 'cmake_target_skip_unavailable' from command line to 'False'
[0.187s] Level 5:colcon.colcon_core.verb:set package 'coordinate_follower' build argument 'cmake_clean_cache' from command line to 'False'
[0.187s] Level 5:colcon.colcon_core.verb:set package 'coordinate_follower' build argument 'cmake_clean_first' from command line to 'False'
[0.187s] Level 5:colcon.colcon_core.verb:set package 'coordinate_follower' build argument 'cmake_force_configure' from command line to 'False'
[0.187s] Level 5:colcon.colcon_core.verb:set package 'coordinate_follower' build argument 'ament_cmake_args' from command line to 'None'
[0.187s] Level 5:colcon.colcon_core.verb:set package 'coordinate_follower' build argument 'catkin_cmake_args' from command line to 'None'
[0.187s] Level 5:colcon.colcon_core.verb:set package 'coordinate_follower' build argument 'catkin_skip_building_tests' from command line to 'False'
[0.187s] DEBUG:colcon.colcon_core.verb:Building package 'coordinate_follower' with the following arguments: {'ament_cmake_args': None, 'build_base': '/home/sweetthyme/ros2_ws/src/build/coordinate_follower', 'catkin_cmake_args': None, 'catkin_skip_building_tests': False, 'cmake_args': None, 'cmake_clean_cache': False, 'cmake_clean_first': False, 'cmake_force_configure': False, 'cmake_target': None, 'cmake_target_skip_unavailable': False, 'install_base': '/home/sweetthyme/ros2_ws/src/install/coordinate_follower', 'merge_install': False, 'path': '/home/sweetthyme/ros2_ws/src/coordinate_follower', 'symlink_install': False, 'test_result_base': None}
[0.187s] INFO:colcon.colcon_core.executor:Executing jobs using 'parallel' executor
[0.188s] DEBUG:colcon.colcon_parallel_executor.executor.parallel:run_until_complete
[0.188s] INFO:colcon.colcon_ros.task.ament_python.build:Building ROS package in '/home/sweetthyme/ros2_ws/src/coordinate_follower' with build type 'ament_python'
[0.188s] Level 1:colcon.colcon_core.shell:create_environment_hook('coordinate_follower', 'ament_prefix_path')
[0.190s] INFO:colcon.colcon_core.plugin_system:Skipping extension 'colcon_core.shell.bat': Not used on non-Windows systems
[0.190s] INFO:colcon.colcon_core.shell:Creating environment hook '/home/sweetthyme/ros2_ws/src/install/coordinate_follower/share/coordinate_follower/hook/ament_prefix_path.ps1'
[0.191s] INFO:colcon.colcon_core.shell:Creating environment descriptor '/home/sweetthyme/ros2_ws/src/install/coordinate_follower/share/coordinate_follower/hook/ament_prefix_path.dsv'
[0.191s] INFO:colcon.colcon_core.shell:Creating environment hook '/home/sweetthyme/ros2_ws/src/install/coordinate_follower/share/coordinate_follower/hook/ament_prefix_path.sh'
[0.191s] INFO:colcon.colcon_core.shell:Skip shell extension 'powershell' for command environment: Not usable outside of PowerShell
[0.191s] DEBUG:colcon.colcon_core.shell:Skip shell extension 'dsv' for command environment
[0.374s] INFO:colcon.colcon_core.task.python.build:Building Python package in '/home/sweetthyme/ros2_ws/src/coordinate_follower'
[0.374s] INFO:colcon.colcon_core.shell:Skip shell extension 'powershell' for command environment: Not usable outside of PowerShell
[0.375s] DEBUG:colcon.colcon_core.shell:Skip shell extension 'dsv' for command environment
[0.735s] DEBUG:colcon.colcon_core.event_handler.log_command:Invoking command in '/home/sweetthyme/ros2_ws/src/coordinate_follower': PYTHONPATH=/home/sweetthyme/ros2_ws/src/build/coordinate_follower/prefix_override:/usr/lib/python3/dist-packages/colcon_core/task/python/colcon_distutils_commands:/home/sweetthyme/ros2_ws/src/install/coordinate_follower/lib/python3.10/site-packages:${PYTHONPATH} /usr/bin/python3 -W ignore:setup.py install is deprecated -W ignore:easy_install command is deprecated setup.py egg_info --egg-base ../build/coordinate_follower build --build-base /home/sweetthyme/ros2_ws/src/build/coordinate_follower/build install --record /home/sweetthyme/ros2_ws/src/build/coordinate_follower/install.log --single-version-externally-managed install_data
[1.024s] DEBUG:colcon.colcon_core.event_handler.log_command:Invoked command in '/home/sweetthyme/ros2_ws/src/coordinate_follower' returned '1': PYTHONPATH=/home/sweetthyme/ros2_ws/src/build/coordinate_follower/prefix_override:/usr/lib/python3/dist-packages/colcon_core/task/python/colcon_distutils_commands:/home/sweetthyme/ros2_ws/src/install/coordinate_follower/lib/python3.10/site-packages:${PYTHONPATH} /usr/bin/python3 -W ignore:setup.py install is deprecated -W ignore:easy_install command is deprecated setup.py egg_info --egg-base ../build/coordinate_follower build --build-base /home/sweetthyme/ros2_ws/src/build/coordinate_follower/build install --record /home/sweetthyme/ros2_ws/src/build/coordinate_follower/install.log --single-version-externally-managed install_data
[1.034s] DEBUG:colcon.colcon_parallel_executor.executor.parallel:closing loop
[1.034s] DEBUG:colcon.colcon_parallel_executor.executor.parallel:loop closed
[1.034s] DEBUG:colcon.colcon_parallel_executor.executor.parallel:run_until_complete finished with '1'
[1.034s] DEBUG:colcon.colcon_core.event_reactor:joining thread
[1.038s] INFO:colcon.colcon_core.plugin_system:Skipping extension 'colcon_notification.desktop_notification.terminal_notifier': Not used on non-Darwin systems
[1.038s] INFO:colcon.colcon_core.plugin_system:Skipping extension 'colcon_notification.desktop_notification.win32': Not used on non-Windows systems
[1.039s] INFO:colcon.colcon_notification.desktop_notification:Sending desktop notification using 'notify2'
[1.047s] DEBUG:colcon.colcon_core.event_reactor:joined thread
[1.047s] INFO:colcon.colcon_core.shell:Creating prefix script '/home/sweetthyme/ros2_ws/src/install/local_setup.ps1'
[1.048s] INFO:colcon.colcon_core.shell:Creating prefix util module '/home/sweetthyme/ros2_ws/src/install/_local_setup_util_ps1.py'
[1.049s] INFO:colcon.colcon_core.shell:Creating prefix chain script '/home/sweetthyme/ros2_ws/src/install/setup.ps1'
[1.050s] INFO:colcon.colcon_core.shell:Creating prefix script '/home/sweetthyme/ros2_ws/src/install/local_setup.sh'
[1.051s] INFO:colcon.colcon_core.shell:Creating prefix util module '/home/sweetthyme/ros2_ws/src/install/_local_setup_util_sh.py'
[1.051s] INFO:colcon.colcon_core.shell:Creating prefix chain script '/home/sweetthyme/ros2_ws/src/install/setup.sh'
[1.052s] INFO:colcon.colcon_core.shell:Creating prefix script '/home/sweetthyme/ros2_ws/src/install/local_setup.bash'
[1.052s] INFO:colcon.colcon_core.shell:Creating prefix chain script '/home/sweetthyme/ros2_ws/src/install/setup.bash'
[1.053s] INFO:colcon.colcon_core.shell:Creating prefix script '/home/sweetthyme/ros2_ws/src/install/local_setup.zsh'
[1.053s] INFO:colcon.colcon_core.shell:Creating prefix chain script '/home/sweetthyme/ros2_ws/src/install/setup.zsh'
