[1.121s] Invoking command in '/home/sweetthyme/ros2_ws/src/genesis_ros/gs_ros': PYTHONPATH=/home/sweetthyme/ros2_ws/src/build/gs_ros/prefix_override:/usr/lib/python3/dist-packages/colcon_core/task/python/colcon_distutils_commands:/home/sweetthyme/ros2_ws/src/install/gs_ros/lib/python3.10/site-packages:${PYTHONPATH} /usr/bin/python3 -W ignore:setup.py install is deprecated -W ignore:easy_install command is deprecated setup.py egg_info --egg-base ../../build/gs_ros build --build-base /home/sweetthyme/ros2_ws/src/build/gs_ros/build install --record /home/sweetthyme/ros2_ws/src/build/gs_ros/install.log --single-version-externally-managed install_data
[1.277s] /home/sweetthyme/.local/lib/python3.10/site-packages/setuptools/_distutils/dist.py:287: UserWarning: Unknown distribution option: 'tests_require'
[1.277s]   warnings.warn(msg)
[1.376s] running egg_info
[1.393s] creating ../../build/gs_ros/gs_ros.egg-info
[1.394s] writing ../../build/gs_ros/gs_ros.egg-info/PKG-INFO
[1.394s] writing dependency_links to ../../build/gs_ros/gs_ros.egg-info/dependency_links.txt
[1.394s] writing requirements to ../../build/gs_ros/gs_ros.egg-info/requires.txt
[1.394s] writing top-level names to ../../build/gs_ros/gs_ros.egg-info/top_level.txt
[1.394s] writing manifest file '../../build/gs_ros/gs_ros.egg-info/SOURCES.txt'
[1.429s] reading manifest file '../../build/gs_ros/gs_ros.egg-info/SOURCES.txt'
[1.429s] Traceback (most recent call last):
[1.429s]   File "/home/sweetthyme/ros2_ws/src/genesis_ros/gs_ros/setup.py", line 5, in <module>
[1.429s]     setup(
[1.429s]   File "/home/sweetthyme/.local/lib/python3.10/site-packages/setuptools/__init__.py", line 117, in setup
[1.429s]     return distutils.core.setup(**attrs)  # type: ignore[return-value]
[1.429s]   File "/home/sweetthyme/.local/lib/python3.10/site-packages/setuptools/_distutils/core.py", line 186, in setup
[1.430s]     return run_commands(dist)
[1.430s]   File "/home/sweetthyme/.local/lib/python3.10/site-packages/setuptools/_distutils/core.py", line 202, in run_commands
[1.430s]     dist.run_commands()
[1.430s]   File "/home/sweetthyme/.local/lib/python3.10/site-packages/setuptools/_distutils/dist.py", line 1000, in run_commands
[1.430s]     self.run_command(cmd)
[1.430s]   File "/home/sweetthyme/.local/lib/python3.10/site-packages/setuptools/dist.py", line 1107, in run_command
[1.430s]     super().run_command(command)
[1.430s]   File "/home/sweetthyme/.local/lib/python3.10/site-packages/setuptools/_distutils/dist.py", line 1019, in run_command
[1.430s]     cmd_obj.run()
[1.430s]   File "/home/sweetthyme/.local/lib/python3.10/site-packages/setuptools/command/egg_info.py", line 312, in run
[1.431s]     self.find_sources()
[1.431s]   File "/home/sweetthyme/.local/lib/python3.10/site-packages/setuptools/command/egg_info.py", line 320, in find_sources
[1.431s]     mm.run()
[1.431s]   File "/home/sweetthyme/.local/lib/python3.10/site-packages/setuptools/command/egg_info.py", line 547, in run
[1.431s]     self.prune_file_list()
[1.431s]   File "/home/sweetthyme/.local/lib/python3.10/site-packages/setuptools/command/sdist.py", line 163, in prune_file_list
[1.431s]     super().prune_file_list()
[1.431s]   File "/home/sweetthyme/.local/lib/python3.10/site-packages/setuptools/_distutils/command/sdist.py", line 386, in prune_file_list
[1.431s]     base_dir = self.distribution.get_fullname()
[1.431s]   File "/home/sweetthyme/.local/lib/python3.10/site-packages/setuptools/_core_metadata.py", line 275, in get_fullname
[1.431s]     return _distribution_fullname(self.get_name(), self.get_version())
[1.432s]   File "/home/sweetthyme/.local/lib/python3.10/site-packages/setuptools/_core_metadata.py", line 293, in _distribution_fullname
[1.432s]     canonicalize_version(version, strip_trailing_zero=False),
[1.432s] TypeError: canonicalize_version() got an unexpected keyword argument 'strip_trailing_zero'
[1.470s] Invoked command in '/home/sweetthyme/ros2_ws/src/genesis_ros/gs_ros' returned '1': PYTHONPATH=/home/sweetthyme/ros2_ws/src/build/gs_ros/prefix_override:/usr/lib/python3/dist-packages/colcon_core/task/python/colcon_distutils_commands:/home/sweetthyme/ros2_ws/src/install/gs_ros/lib/python3.10/site-packages:${PYTHONPATH} /usr/bin/python3 -W ignore:setup.py install is deprecated -W ignore:easy_install command is deprecated setup.py egg_info --egg-base ../../build/gs_ros build --build-base /home/sweetthyme/ros2_ws/src/build/gs_ros/build install --record /home/sweetthyme/ros2_ws/src/build/gs_ros/install.log --single-version-externally-managed install_data
